<?xml version="1.0" encoding="UTF-8"?>
<!-- Generated by org.testng.reporters.JUnitReportReporter -->
<testsuite hostname="Kgabos-MBP" failures="0" tests="2" name="cucumberOptions.TestNG_testRunner" time="33.035" errors="0" timestamp="2023-06-11T17:32:31 SAST" skipped="0">
  <testcase classname="cucumberOptions.TestNG_testRunner" name="runScenario" time="19.641"/>
  <system-out/>
  <testcase classname="cucumberOptions.TestNG_testRunner" name="runScenario" time="13.394"/>
  <system-out/>
</testsuite> <!-- cucumberOptions.TestNG_testRunner -->
