<?xml version="1.0" encoding="UTF-8"?>
<!-- Generated by org.testng.reporters.JUnitReportReporter -->
<testsuite hostname="Kgabos-MBP" failures="0" tests="2" name="cucumberOptions.TestNG_testRunner" time="31.216" errors="0" timestamp="2023-06-11T20:16:34 SAST" skipped="0">
  <testcase classname="cucumberOptions.TestNG_testRunner" name="runScenario" time="18.208"/>
  <system-out/>
  <testcase classname="cucumberOptions.TestNG_testRunner" name="runScenario" time="13.008"/>
  <system-out/>
</testsuite> <!-- cucumberOptions.TestNG_testRunner -->
