<?xml version="1.0" encoding="UTF-8"?>
<!-- Generated by org.testng.reporters.JUnitReportReporter -->
<testsuite hostname="Kgabos-MacBook-Pro.local" failures="0" tests="2" name="cucumberOptions.TestNG_testRunner" time="26.388" errors="0" timestamp="2023-06-08T12:04:16 SAST" skipped="0">
  <testcase classname="cucumberOptions.TestNG_testRunner" name="runScenario" time="9.373"/>
  <system-out/>
  <testcase classname="cucumberOptions.TestNG_testRunner" name="runScenario" time="17.015"/>
  <system-out/>
</testsuite> <!-- cucumberOptions.TestNG_testRunner -->
